<?xml version="1.0" encoding="UTF-8"?>
<!-- Generated by org.testng.reporters.JUnitReportReporter -->
<testsuite skipped="0" hostname="LAPTOP-B3RPHCVQ" name="test.LoginTest" tests="3" failures="0" timestamp="2021-10-16T15:55:04 CDT" time="33.871" errors="0">
  <testcase name="userShouldnotAbleToAddDublicateCategory" time="20.084" classname="test.LoginTest"/>
  <system-out/>
  <testcase name="ValidateAllMonthsFromDropDown" time="7.664" classname="test.LoginTest"/>
  <system-out/>
  <testcase name="userShouldAbleToAddCategory" time="6.123" classname="test.LoginTest"/>
  <system-out/>
</testsuite> <!-- test.LoginTest -->
