<?xml version="1.0" encoding="UTF-8"?>
<!-- Generated by org.testng.reporters.JUnitReportReporter -->
<testsuite skipped="0" hostname="LAPTOP-B3RPHCVQ" name="test.AddCategoryTest" tests="1" failures="0" timestamp="2021-10-16T17:14:11 CDT" time="14.670" errors="0">
  <testcase name="userShouldAbleToAddCategory" time="14.670" classname="test.AddCategoryTest"/>
  <system-out/>
</testsuite> <!-- test.AddCategoryTest -->
