<?xml version="1.0" encoding="UTF-8"?>
<!-- Generated by org.testng.reporters.JUnitReportReporter -->
<testsuite skipped="0" hostname="LAPTOP-B3RPHCVQ" name="test.ValidationMonthTest" tests="1" failures="0" timestamp="2021-10-16T17:35:32 CDT" time="13.066" errors="0">
  <testcase name="UserShouldAbleToSellAllMonthFromDropdown" time="13.066" classname="test.ValidationMonthTest"/>
  <system-out/>
</testsuite> <!-- test.ValidationMonthTest -->
